\BOOKMARK [1][-]{section.1}{随机事件和概率}{}% 1
\BOOKMARK [2][-]{subsection.1.1}{基本概念及公式}{section.1}% 2
\BOOKMARK [1][-]{section.2}{常用分布}{}% 3
\BOOKMARK [2][-]{subsection.2.1}{离散型}{section.2}% 4
\BOOKMARK [2][-]{subsection.2.2}{连续型}{section.2}% 5
\BOOKMARK [2][-]{subsection.2.3}{泊松定理}{section.2}% 6
\BOOKMARK [1][-]{section.3}{多维随机变量及其分布}{}% 7
\BOOKMARK [2][-]{subsection.3.1}{二维随机变量及其分布}{section.3}% 8
\BOOKMARK [3][-]{subsubsection.3.1.1}{连续型}{subsection.3.1}% 9
\BOOKMARK [3][-]{subsubsection.3.1.2}{离散型}{subsection.3.1}% 10
\BOOKMARK [2][-]{subsection.3.2}{概率密度}{section.3}% 11
\BOOKMARK [3][-]{subsubsection.3.2.1}{连续型}{subsection.3.2}% 12
\BOOKMARK [3][-]{subsubsection.3.2.2}{离散型}{subsection.3.2}% 13
\BOOKMARK [2][-]{subsection.3.3}{分布函数与概率密度的性质}{section.3}% 14
\BOOKMARK [3][-]{subsubsection.3.3.1}{F\(x,y\)的性质}{subsection.3.3}% 15
\BOOKMARK [3][-]{subsubsection.3.3.2}{P\(X=xi, Y=yj\)=pij的性质}{subsection.3.3}% 16
\BOOKMARK [3][-]{subsubsection.3.3.3}{f\(x,y\)的性质}{subsection.3.3}% 17
\BOOKMARK [2][-]{subsection.3.4}{随机变量的独立性}{section.3}% 18
\BOOKMARK [3][-]{subsubsection.3.4.1}{随机变量X与Yred相互独立的red充要条件}{subsection.3.4}% 19
\BOOKMARK [2][-]{subsection.3.5}{二维均匀分布&二维正态分布}{section.3}% 20
\BOOKMARK [2][-]{subsection.3.6}{两个随机变量函数Z=g\(X,Y\)的分布}{section.3}% 21
\BOOKMARK [1][-]{section.4}{随机变量的数字特征}{}% 22
\BOOKMARK [2][-]{subsection.4.1}{随机变量的数学期望和方差}{section.4}% 23
\BOOKMARK [3][-]{subsubsection.4.1.1}{期望}{subsection.4.1}% 24
\BOOKMARK [3][-]{subsubsection.4.1.2}{方差}{subsection.4.1}% 25
\BOOKMARK [3][-]{subsubsection.4.1.3}{常用随机变量的数学期望和方差}{subsection.4.1}% 26
\BOOKMARK [2][-]{subsection.4.2}{矩、协方差、相关系数}{section.4}% 27
\BOOKMARK [1][-]{section.5}{大数定律与中心极限定律}{}% 28
\BOOKMARK [1][-]{section.6}{数理统计的基本概念}{}% 29
\BOOKMARK [2][-]{subsection.6.1}{总体&样本}{section.6}% 30
\BOOKMARK [2][-]{subsection.6.2}{统计量}{section.6}% 31
\BOOKMARK [2][-]{subsection.6.3}{样本的数字特征}{section.6}% 32
\BOOKMARK [2][-]{subsection.6.4}{样本的数字特征的性质}{section.6}% 33
\BOOKMARK [2][-]{subsection.6.5}{常用统计抽样分布}{section.6}% 34
\BOOKMARK [3][-]{subsubsection.6.5.1}{2分布}{subsection.6.5}% 35
\BOOKMARK [3][-]{subsubsection.6.5.2}{t分布}{subsection.6.5}% 36
\BOOKMARK [3][-]{subsubsection.6.5.3}{F分布}{subsection.6.5}% 37
\BOOKMARK [2][-]{subsection.6.6}{正态总体的抽样分布}{section.6}% 38
\BOOKMARK [3][-]{subsubsection.6.6.1}{一个正态总体的抽样分布}{subsection.6.6}% 39
\BOOKMARK [3][-]{subsubsection.6.6.2}{两个正态总体的抽样分布}{subsection.6.6}% 40
\BOOKMARK [1][-]{section.7}{参数估计}{}% 41
\BOOKMARK [2][-]{subsection.7.1}{点估计}{section.7}% 42
\BOOKMARK [2][-]{subsection.7.2}{矩估计法}{section.7}% 43
\BOOKMARK [2][-]{subsection.7.3}{最大似然估计法}{section.7}% 44
\BOOKMARK [2][-]{subsection.7.4}{区间估计}{section.7}% 45
\BOOKMARK [1][-]{section.8}{假设检验}{}% 46
\BOOKMARK [2][-]{subsection.8.1}{假设检验}{section.8}% 47
\BOOKMARK [2][-]{subsection.8.2}{正态总体参数的假设检验}{section.8}% 48
\BOOKMARK [1][-]{section.9}{中心极限定理}{}% 49
\BOOKMARK [2][-]{subsection.9.1}{待添加}{section.9}% 50
\BOOKMARK [1][-]{section.10}{常用公式}{}% 51
